1768392656944|0|statement|connection 250|url jdbc:h2:mem:e68cb829-d16f-460b-bb73-b1b59a6edbac|     drop table if exists app_users cascade |     drop table if exists app_users cascade 
1768392656944|0|statement|connection 250|url jdbc:h2:mem:e68cb829-d16f-460b-bb73-b1b59a6edbac|     drop table if exists audit_log cascade |     drop table if exists audit_log cascade 
1768392656945|0|statement|connection 250|url jdbc:h2:mem:e68cb829-d16f-460b-bb73-b1b59a6edbac|     drop table if exists departments cascade |     drop table if exists departments cascade 
1768392656945|0|statement|connection 250|url jdbc:h2:mem:e68cb829-d16f-460b-bb73-b1b59a6edbac|     drop table if exists employees cascade |     drop table if exists employees cascade 
1768392656946|0|statement|connection 251|url jdbc:h2:mem:601420a7-510e-4b2b-8244-43c8ed46f7e8|     drop table if exists app_users cascade |     drop table if exists app_users cascade 
1768392656946|0|statement|connection 251|url jdbc:h2:mem:601420a7-510e-4b2b-8244-43c8ed46f7e8|     drop table if exists audit_log cascade |     drop table if exists audit_log cascade 
1768392656946|0|statement|connection 251|url jdbc:h2:mem:601420a7-510e-4b2b-8244-43c8ed46f7e8|     drop table if exists departments cascade |     drop table if exists departments cascade 
1768392656947|0|statement|connection 251|url jdbc:h2:mem:601420a7-510e-4b2b-8244-43c8ed46f7e8|     drop table if exists employees cascade |     drop table if exists employees cascade 
1768392656949|0|statement|connection 252|url jdbc:h2:mem:employeedb|     drop table if exists app_users cascade |     drop table if exists app_users cascade 
1768392656949|0|statement|connection 252|url jdbc:h2:mem:employeedb|     drop table if exists audit_log cascade |     drop table if exists audit_log cascade 
1768392656950|0|statement|connection 252|url jdbc:h2:mem:employeedb|     drop table if exists departments cascade |     drop table if exists departments cascade 
1768392656950|0|statement|connection 252|url jdbc:h2:mem:employeedb|     drop table if exists employees cascade |     drop table if exists employees cascade 
1768392656953|0|statement|connection 253|url jdbc:h2:mem:employeedb|     drop table if exists app_users cascade |     drop table if exists app_users cascade 
1768392656953|0|statement|connection 253|url jdbc:h2:mem:employeedb|     drop table if exists audit_log cascade |     drop table if exists audit_log cascade 
1768392656953|0|statement|connection 253|url jdbc:h2:mem:employeedb|     drop table if exists departments cascade |     drop table if exists departments cascade 
1768392656953|0|statement|connection 253|url jdbc:h2:mem:employeedb|     drop table if exists employees cascade |     drop table if exists employees cascade 
1768392656958|0|statement|connection 254|url jdbc:h2:mem:employeedbtest|     drop table if exists app_users cascade |     drop table if exists app_users cascade 
1768392656958|0|statement|connection 254|url jdbc:h2:mem:employeedbtest|     drop table if exists audit_log cascade |     drop table if exists audit_log cascade 
1768392656958|0|statement|connection 254|url jdbc:h2:mem:employeedbtest|     drop table if exists departments cascade |     drop table if exists departments cascade 
1768392656958|0|statement|connection 254|url jdbc:h2:mem:employeedbtest|     drop table if exists employees cascade |     drop table if exists employees cascade 
1768392656962|0|statement|connection 255|url jdbc:h2:mem:employeedbtest|     drop table if exists app_users cascade |     drop table if exists app_users cascade 
1768392656962|0|statement|connection 255|url jdbc:h2:mem:employeedbtest|     drop table if exists audit_log cascade |     drop table if exists audit_log cascade 
1768392656962|0|statement|connection 255|url jdbc:h2:mem:employeedbtest|     drop table if exists departments cascade |     drop table if exists departments cascade 
1768392656962|0|statement|connection 255|url jdbc:h2:mem:employeedbtest|     drop table if exists employees cascade |     drop table if exists employees cascade 
1768392704792|0|statement|connection 283|url jdbc:h2:mem:f4174326-7bfd-4267-b548-1ee8b4d0e31a|     drop table if exists app_users cascade |     drop table if exists app_users cascade 
1768392704792|0|statement|connection 283|url jdbc:h2:mem:f4174326-7bfd-4267-b548-1ee8b4d0e31a|     drop table if exists audit_log cascade |     drop table if exists audit_log cascade 
1768392704792|0|statement|connection 283|url jdbc:h2:mem:f4174326-7bfd-4267-b548-1ee8b4d0e31a|     drop table if exists departments cascade |     drop table if exists departments cascade 
1768392704792|0|statement|connection 283|url jdbc:h2:mem:f4174326-7bfd-4267-b548-1ee8b4d0e31a|     drop table if exists employees cascade |     drop table if exists employees cascade 
1768392704793|0|statement|connection 284|url jdbc:h2:mem:8d6ec25e-e82f-4cd8-82a3-4e4db0e017f9|     drop table if exists app_users cascade |     drop table if exists app_users cascade 
1768392704793|0|statement|connection 284|url jdbc:h2:mem:8d6ec25e-e82f-4cd8-82a3-4e4db0e017f9|     drop table if exists audit_log cascade |     drop table if exists audit_log cascade 
1768392704793|0|statement|connection 284|url jdbc:h2:mem:8d6ec25e-e82f-4cd8-82a3-4e4db0e017f9|     drop table if exists departments cascade |     drop table if exists departments cascade 
1768392704793|0|statement|connection 284|url jdbc:h2:mem:8d6ec25e-e82f-4cd8-82a3-4e4db0e017f9|     drop table if exists employees cascade |     drop table if exists employees cascade 
1768392704794|0|statement|connection 285|url jdbc:h2:mem:employeedb|     drop table if exists app_users cascade |     drop table if exists app_users cascade 
1768392704794|0|statement|connection 285|url jdbc:h2:mem:employeedb|     drop table if exists audit_log cascade |     drop table if exists audit_log cascade 
1768392704794|0|statement|connection 285|url jdbc:h2:mem:employeedb|     drop table if exists departments cascade |     drop table if exists departments cascade 
1768392704794|0|statement|connection 285|url jdbc:h2:mem:employeedb|     drop table if exists employees cascade |     drop table if exists employees cascade 
1768392704795|0|statement|connection 286|url jdbc:h2:mem:employeedb|     drop table if exists app_users cascade |     drop table if exists app_users cascade 
1768392704796|0|statement|connection 286|url jdbc:h2:mem:employeedb|     drop table if exists audit_log cascade |     drop table if exists audit_log cascade 
1768392704796|0|statement|connection 286|url jdbc:h2:mem:employeedb|     drop table if exists departments cascade |     drop table if exists departments cascade 
1768392704796|0|statement|connection 286|url jdbc:h2:mem:employeedb|     drop table if exists employees cascade |     drop table if exists employees cascade 
1768392704797|0|statement|connection 287|url jdbc:h2:mem:employeedbtest|     drop table if exists app_users cascade |     drop table if exists app_users cascade 
1768392704797|0|statement|connection 287|url jdbc:h2:mem:employeedbtest|     drop table if exists audit_log cascade |     drop table if exists audit_log cascade 
1768392704797|0|statement|connection 287|url jdbc:h2:mem:employeedbtest|     drop table if exists departments cascade |     drop table if exists departments cascade 
1768392704797|0|statement|connection 287|url jdbc:h2:mem:employeedbtest|     drop table if exists employees cascade |     drop table if exists employees cascade 
1768392704800|0|statement|connection 288|url jdbc:h2:mem:employeedbtest|     drop table if exists app_users cascade |     drop table if exists app_users cascade 
1768392704800|0|statement|connection 288|url jdbc:h2:mem:employeedbtest|     drop table if exists audit_log cascade |     drop table if exists audit_log cascade 
1768392704800|0|statement|connection 288|url jdbc:h2:mem:employeedbtest|     drop table if exists departments cascade |     drop table if exists departments cascade 
1768392704800|0|statement|connection 288|url jdbc:h2:mem:employeedbtest|     drop table if exists employees cascade |     drop table if exists employees cascade 
1768392704801|0|statement|connection 289|url jdbc:h2:mem:employeedbtest|     drop table if exists app_users cascade |     drop table if exists app_users cascade 
1768392704801|0|statement|connection 289|url jdbc:h2:mem:employeedbtest|     drop table if exists audit_log cascade |     drop table if exists audit_log cascade 
1768392704802|0|statement|connection 289|url jdbc:h2:mem:employeedbtest|     drop table if exists departments cascade |     drop table if exists departments cascade 
1768392704802|0|statement|connection 289|url jdbc:h2:mem:employeedbtest|     drop table if exists employees cascade |     drop table if exists employees cascade 
1768394037456|0|statement|connection 283|url jdbc:h2:mem:765895f6-7c5f-4064-81d6-3e1b92c48a5f|     drop table if exists app_users cascade |     drop table if exists app_users cascade 
1768394037457|0|statement|connection 283|url jdbc:h2:mem:765895f6-7c5f-4064-81d6-3e1b92c48a5f|     drop table if exists audit_log cascade |     drop table if exists audit_log cascade 
1768394037457|0|statement|connection 283|url jdbc:h2:mem:765895f6-7c5f-4064-81d6-3e1b92c48a5f|     drop table if exists departments cascade |     drop table if exists departments cascade 
1768394037457|0|statement|connection 283|url jdbc:h2:mem:765895f6-7c5f-4064-81d6-3e1b92c48a5f|     drop table if exists employees cascade |     drop table if exists employees cascade 
1768394037457|0|statement|connection 284|url jdbc:h2:mem:fff6c2eb-b0f3-45e0-95c8-16056e3f5264|     drop table if exists app_users cascade |     drop table if exists app_users cascade 
1768394037458|0|statement|connection 284|url jdbc:h2:mem:fff6c2eb-b0f3-45e0-95c8-16056e3f5264|     drop table if exists audit_log cascade |     drop table if exists audit_log cascade 
1768394037458|0|statement|connection 284|url jdbc:h2:mem:fff6c2eb-b0f3-45e0-95c8-16056e3f5264|     drop table if exists departments cascade |     drop table if exists departments cascade 
1768394037458|0|statement|connection 284|url jdbc:h2:mem:fff6c2eb-b0f3-45e0-95c8-16056e3f5264|     drop table if exists employees cascade |     drop table if exists employees cascade 
1768394037459|0|statement|connection 285|url jdbc:h2:mem:employeedb|     drop table if exists app_users cascade |     drop table if exists app_users cascade 
1768394037459|0|statement|connection 285|url jdbc:h2:mem:employeedb|     drop table if exists audit_log cascade |     drop table if exists audit_log cascade 
1768394037459|0|statement|connection 285|url jdbc:h2:mem:employeedb|     drop table if exists departments cascade |     drop table if exists departments cascade 
1768394037459|0|statement|connection 285|url jdbc:h2:mem:employeedb|     drop table if exists employees cascade |     drop table if exists employees cascade 
1768394037460|0|statement|connection 286|url jdbc:h2:mem:employeedb|     drop table if exists app_users cascade |     drop table if exists app_users cascade 
1768394037460|0|statement|connection 286|url jdbc:h2:mem:employeedb|     drop table if exists audit_log cascade |     drop table if exists audit_log cascade 
1768394037460|0|statement|connection 286|url jdbc:h2:mem:employeedb|     drop table if exists departments cascade |     drop table if exists departments cascade 
1768394037460|0|statement|connection 286|url jdbc:h2:mem:employeedb|     drop table if exists employees cascade |     drop table if exists employees cascade 
1768394037462|0|statement|connection 287|url jdbc:h2:mem:employeedbtest|     drop table if exists app_users cascade |     drop table if exists app_users cascade 
1768394037462|0|statement|connection 287|url jdbc:h2:mem:employeedbtest|     drop table if exists audit_log cascade |     drop table if exists audit_log cascade 
1768394037462|0|statement|connection 287|url jdbc:h2:mem:employeedbtest|     drop table if exists departments cascade |     drop table if exists departments cascade 
1768394037462|0|statement|connection 287|url jdbc:h2:mem:employeedbtest|     drop table if exists employees cascade |     drop table if exists employees cascade 
1768394037464|0|statement|connection 288|url jdbc:h2:mem:employeedbtest|     drop table if exists app_users cascade |     drop table if exists app_users cascade 
1768394037464|0|statement|connection 288|url jdbc:h2:mem:employeedbtest|     drop table if exists audit_log cascade |     drop table if exists audit_log cascade 
1768394037465|0|statement|connection 288|url jdbc:h2:mem:employeedbtest|     drop table if exists departments cascade |     drop table if exists departments cascade 
1768394037465|0|statement|connection 288|url jdbc:h2:mem:employeedbtest|     drop table if exists employees cascade |     drop table if exists employees cascade 
1768394037466|0|statement|connection 289|url jdbc:h2:mem:employeedbtest|     drop table if exists app_users cascade |     drop table if exists app_users cascade 
1768394037466|0|statement|connection 289|url jdbc:h2:mem:employeedbtest|     drop table if exists audit_log cascade |     drop table if exists audit_log cascade 
1768394037466|0|statement|connection 289|url jdbc:h2:mem:employeedbtest|     drop table if exists departments cascade |     drop table if exists departments cascade 
1768394037466|0|statement|connection 289|url jdbc:h2:mem:employeedbtest|     drop table if exists employees cascade |     drop table if exists employees cascade 
1768407038379|0|statement|connection 283|url jdbc:h2:mem:ed702f73-df3b-4d1d-89d8-0df169e79ec4|     drop table if exists app_users cascade |     drop table if exists app_users cascade 
1768407038380|0|statement|connection 283|url jdbc:h2:mem:ed702f73-df3b-4d1d-89d8-0df169e79ec4|     drop table if exists audit_log cascade |     drop table if exists audit_log cascade 
1768407038380|0|statement|connection 283|url jdbc:h2:mem:ed702f73-df3b-4d1d-89d8-0df169e79ec4|     drop table if exists departments cascade |     drop table if exists departments cascade 
1768407038380|0|statement|connection 283|url jdbc:h2:mem:ed702f73-df3b-4d1d-89d8-0df169e79ec4|     drop table if exists employees cascade |     drop table if exists employees cascade 
1768407038380|0|statement|connection 284|url jdbc:h2:mem:becd5ac5-d7f5-43de-aef3-869c02579de7|     drop table if exists app_users cascade |     drop table if exists app_users cascade 
1768407038381|0|statement|connection 284|url jdbc:h2:mem:becd5ac5-d7f5-43de-aef3-869c02579de7|     drop table if exists audit_log cascade |     drop table if exists audit_log cascade 
1768407038381|0|statement|connection 284|url jdbc:h2:mem:becd5ac5-d7f5-43de-aef3-869c02579de7|     drop table if exists departments cascade |     drop table if exists departments cascade 
1768407038381|0|statement|connection 284|url jdbc:h2:mem:becd5ac5-d7f5-43de-aef3-869c02579de7|     drop table if exists employees cascade |     drop table if exists employees cascade 
1768407038382|0|statement|connection 285|url jdbc:h2:mem:employeedb|     drop table if exists app_users cascade |     drop table if exists app_users cascade 
1768407038382|0|statement|connection 285|url jdbc:h2:mem:employeedb|     drop table if exists audit_log cascade |     drop table if exists audit_log cascade 
1768407038382|0|statement|connection 285|url jdbc:h2:mem:employeedb|     drop table if exists departments cascade |     drop table if exists departments cascade 
1768407038382|0|statement|connection 285|url jdbc:h2:mem:employeedb|     drop table if exists employees cascade |     drop table if exists employees cascade 
1768407038383|0|statement|connection 286|url jdbc:h2:mem:employeedb|     drop table if exists app_users cascade |     drop table if exists app_users cascade 
1768407038383|0|statement|connection 286|url jdbc:h2:mem:employeedb|     drop table if exists audit_log cascade |     drop table if exists audit_log cascade 
1768407038383|0|statement|connection 286|url jdbc:h2:mem:employeedb|     drop table if exists departments cascade |     drop table if exists departments cascade 
1768407038383|0|statement|connection 286|url jdbc:h2:mem:employeedb|     drop table if exists employees cascade |     drop table if exists employees cascade 
1768407038385|0|statement|connection 287|url jdbc:h2:mem:employeedbtest|     drop table if exists app_users cascade |     drop table if exists app_users cascade 
1768407038385|0|statement|connection 287|url jdbc:h2:mem:employeedbtest|     drop table if exists audit_log cascade |     drop table if exists audit_log cascade 
1768407038385|0|statement|connection 287|url jdbc:h2:mem:employeedbtest|     drop table if exists departments cascade |     drop table if exists departments cascade 
1768407038385|0|statement|connection 287|url jdbc:h2:mem:employeedbtest|     drop table if exists employees cascade |     drop table if exists employees cascade 
1768407038387|0|statement|connection 288|url jdbc:h2:mem:employeedbtest|     drop table if exists app_users cascade |     drop table if exists app_users cascade 
1768407038387|0|statement|connection 288|url jdbc:h2:mem:employeedbtest|     drop table if exists audit_log cascade |     drop table if exists audit_log cascade 
1768407038387|0|statement|connection 288|url jdbc:h2:mem:employeedbtest|     drop table if exists departments cascade |     drop table if exists departments cascade 
1768407038387|0|statement|connection 288|url jdbc:h2:mem:employeedbtest|     drop table if exists employees cascade |     drop table if exists employees cascade 
1768407038389|0|statement|connection 289|url jdbc:h2:mem:employeedbtest|     drop table if exists app_users cascade |     drop table if exists app_users cascade 
1768407038389|0|statement|connection 289|url jdbc:h2:mem:employeedbtest|     drop table if exists audit_log cascade |     drop table if exists audit_log cascade 
1768407038389|0|statement|connection 289|url jdbc:h2:mem:employeedbtest|     drop table if exists departments cascade |     drop table if exists departments cascade 
1768407038389|0|statement|connection 289|url jdbc:h2:mem:employeedbtest|     drop table if exists employees cascade |     drop table if exists employees cascade 
